PideShop active waiting for connection...
Server shutting down...
PideShop active waiting for connection...Cook 3 preparing order 3
Cook 1 preparing order 2
Cook 4 preparing order 4
Cook 2 preparing order 1
Cook 0 preparing order 0
Cook 3 placing order 3 in the oven
Cook 1 placing order 2 in the oven
Cook 1 completed order 2
Cook 3 completed order 3
Cook 0 placing order 0 in the oven
Cook 3 preparing order 8
Cook 2 placing order 1 in the oven
Cook 4 placing order 4 in the oven
Cook 1 preparing order 9
Cook 0 completed order 0
Cook 4 completed order 4
Cook 2 completed order 1
Cook 0 preparing order 7
Cook 4 preparing order 6
Cook 2 preparing order 5
Delivery person 2 delivering orders
Delivery person 0 delivering orders
Cook 1 placing order 9 in the oven
Cook 3 placing order 8 in the oven
Cook 3 completed order 8
Cook 1 completed order 9
Cook 0 placing order 7 in the oven
Cook 2 placing order 5 in the oven
Cook 4 placing order 6 in the oven
Cook 2 completed order 5
Cook 4 completed order 6
Cook 0 completed order 7
Delivery person 1 delivering orders
Delivery person 4 delivering orders
Order 9 delivered by delivery person 4
Order 0 delivered by delivery person 0
Order 3 delivered by delivery person 2
Order 6 delivered by delivery person 1
Order 4 delivered by delivery person 2
Order 1 delivered by delivery person 0
Order 7 delivered by delivery person 1
Order 5 delivered by delivery person 4
Order 8 delivered by delivery person 1
Order 2 delivered by delivery person 0
10 new customers served by client PID: 1245
Server shutting down...PideShop active waiting for connection...Cook 3 preparing order 3
Cook 2 preparing order 1
Cook 1 preparing order 6
Cook 4 preparing order 5
Cook 0 preparing order 2
Cook 2 placing order 1 in the oven
Cook 2 completed order 1
Cook 3 placing order 3 in the oven
Cook 4 placing order 5 in the oven
Cook 2 preparing order 9
Cook 1 placing order 6 in the oven
Cook 3 completed order 3
Cook 4 completed order 5
Cook 0 placing order 2 in the oven
Cook 1 completed order 6
Cook 3 preparing order 8
Cook 4 preparing order 7
Cook 1 preparing order 4
Cook 0 completed order 2
Cook 0 preparing order 0
Delivery person 3 delivering orders
Delivery person 2 delivering orders
Cook 2 placing order 9 in the oven
Cook 3 placing order 8 in the oven
Cook 1 placing order 4 in the oven
Cook 2 completed order 9
Cook 1 completed order 4
Cook 3 completed order 8
Cook 4 placing order 7 in the oven
Cook 4 completed order 7
Cook 0 placing order 0 in the oven
Cook 0 completed order 0
Delivery person 4 delivering orders
Delivery person 0 delivering orders
Order 3 delivered by delivery person 2
Order 5 delivered by delivery person 2
Order 9 delivered by delivery person 4
Order 6 delivered by delivery person 3
Order 0 delivered by delivery person 0
Order 4 delivered by delivery person 4
Order 1 delivered by delivery person 3
Order 7 delivered by delivery person 0
Order 2 delivered by delivery person 3
Order 8 delivered by delivery person 0
10 new customers served by client PID: 1284
Server shutting down...PideShop active waiting for connection...Cook 0 preparing order 0
Cook 2 preparing order 1
Cook 1 preparing order 2
Cook 3 preparing order 3
Cook 4 preparing order 4
Cook 2 placing order 1 in the oven
Cook 0 placing order 0 in the oven
Cook 1 placing order 2 in the oven
Cook 2 completed order 1
Cook 0 completed order 0
Cook 1 completed order 2
Cook 2 preparing order 9
Cook 4 placing order 4 in the oven
Cook 0 preparing order 8
Cook 3 placing order 3 in the oven
Cook 3 completed order 3
Cook 4 completed order 4
Cook 1 preparing order 7
Cook 3 preparing order 6
Cook 4 preparing order 5
Delivery person 3 delivering orders
Delivery person 1 delivering orders
Cook 0 placing order 8 in the oven
Cook 2 placing order 9 in the oven
Cook 1 placing order 7 in the oven
Cook 2 completed order 9
Cook 0 completed order 8
Cook 3 placing order 6 in the oven
Cook 4 placing order 5 in the oven
Cook 1 completed order 7
Cook 3 completed order 6
Cook 4 completed order 5
Delivery person 0 delivering orders
Delivery person 4 delivering orders
Order 0 delivered by delivery person 1
10 new customers served by client PID: 1308
Order 6 delivered by delivery person 4
Order 1 delivered by delivery person 1
Order 3 delivered by delivery person 3
Order 7 delivered by delivery person 4
Server shutting down...Order 9 delivered by delivery person 0
Server shutting down...Order 4 delivered by delivery person 3
PideShop active waiting for connection...Server shutting down...PideShop active waiting for connection...Server shutting down...PideShop active waiting for connection...Cook 0 preparing order 0
Cook 2 preparing order 1
Cook 3 preparing order 2
Cook 1 preparing order 3
Cook 4 preparing order 4
Cook 2 placing order 1 in the oven
Cook 0 placing order 0 in the oven
Cook 2 completed order 1
Cook 1 placing order 3 in the oven
Cook 0 completed order 0
Cook 1 completed order 3
Cook 2 preparing order 9
Cook 0 preparing order 8
Cook 3 placing order 2 in the oven
Cook 4 placing order 4 in the oven
Cook 1 preparing order 7
Cook 4 completed order 4
Cook 3 completed order 2
Cook 3 preparing order 5
Cook 4 preparing order 6
Delivery person 0 delivering orders
Delivery person 4 delivering orders
Cook 1 placing order 7 in the oven
Cook 2 placing order 9 in the oven
Cook 1 completed order 7
Cook 4 placing order 6 in the oven
Cook 0 placing order 8 in the oven
Cook 4 completed order 6
Cook 2 completed order 9
Cook 0 completed order 8
Cook 3 placing order 5 in the oven
Cook 3 completed order 5
Delivery person 1 delivering orders
Delivery person 3 delivering orders
Order 0 delivered by delivery person 4
Order 3 delivered by delivery person 0
Order 6 delivered by delivery person 1
Order 9 delivered by delivery person 3
Order 1 delivered by delivery person 4
Order 4 delivered by delivery person 0
Server shutting down...PideShop active waiting for connection...Cook 1 preparing order 0
Cook 0 preparing order 1
Cook 2 preparing order 2
Cook 3 preparing order 3
Cook 4 preparing order 4
Cook 1 placing order 0 in the oven
Cook 0 placing order 1 in the oven
Cook 2 placing order 2 in the oven
Cook 2 completed order 2
Cook 1 completed order 0
Cook 0 completed order 1
Cook 3 placing order 3 in the oven
Cook 0 preparing order 7
Cook 4 placing order 4 in the oven
Cook 1 preparing order 8
Cook 2 preparing order 9
Cook 3 completed order 3
Cook 3 preparing order 6
Cook 4 completed order 4
Cook 4 preparing order 5
Delivery person 4 delivering orders
Delivery person 0 delivering orders
Cook 0 placing order 7 in the oven
Cook 1 placing order 8 in the oven
Cook 0 completed order 7
Cook 2 placing order 9 in the oven
Cook 3 placing order 6 in the oven
Cook 2 completed order 9
Cook 1 completed order 8
Cook 4 placing order 5 in the oven
Cook 3 completed order 6
Cook 4 completed order 5
Delivery person 1 delivering orders
Delivery person 2 delivering orders
Order 9 delivered by delivery person 2
Order 3 delivered by delivery person 4
Order 0 delivered by delivery person 0
Order 6 delivered by delivery person 1
Order 5 delivered by delivery person 2
Order 4 delivered by delivery person 4
Order 1 delivered by delivery person 0
Order 7 delivered by delivery person 1
Order 2 delivered by delivery person 0
Order 8 delivered by delivery person 1
10 new customers served by client PID: 1424
Server shutting down...PideShop active waiting for connection...Cook 0 preparing order 0
Cook 1 preparing order 1
Cook 3 preparing order 2
Cook 2 preparing order 3
Cook 4 preparing order 4
Cook 0 placing order 0 in the oven
Cook 1 placing order 1 in the oven
Cook 1 completed order 1
Cook 3 placing order 2 in the oven
Cook 0 completed order 0
Cook 1 preparing order 9
Cook 2 placing order 3 in the oven
Cook 0 preparing order 8
Cook 3 completed order 2
Cook 4 placing order 4 in the oven
Cook 2 completed order 3
Cook 3 preparing order 7
Cook 2 preparing order 6
Cook 4 completed order 4
Cook 4 preparing order 5
Delivery person 1 delivering orders
Delivery person 3 delivering orders
Cook 1 placing order 9 in the oven
Cook 3 placing order 7 in the oven
Cook 1 completed order 9
Cook 0 placing order 8 in the oven
Cook 2 placing order 6 in the oven
Cook 0 completed order 8
Cook 3 completed order 7
Cook 2 completed order 6
Cook 4 placing order 5 in the oven
Cook 4 completed order 5
Delivery person 2 delivering orders
Delivery person 0 delivering orders
Server shutting down...PideShop active waiting for connection...Server shutting down...PideShop active waiting for connection...Cook 0 preparing order 0
Cook 1 preparing order 1
Cook 2 preparing order 2
Cook 3 preparing order 3
Cook 4 preparing order 4
Cook 0 placing order 0 in the oven
Cook 0 completed order 0
Cook 0 preparing order 9
Cook 3 placing order 3 in the oven
Cook 3 completed order 3
Cook 1 placing order 1 in the oven
Cook 1 completed order 1
Cook 2 placing order 2 in the oven
Cook 3 preparing order 8
Cook 4 placing order 4 in the oven
Cook 1 preparing order 7
Cook 2 completed order 2
Cook 4 completed order 4
Cook 2 preparing order 6
Cook 4 preparing order 5
Delivery person 2 delivering orders
Delivery person 4 delivering orders
Cook 0 placing order 9 in the oven
Cook 0 completed order 9
Cook 3 placing order 8 in the oven
Cook 3 completed order 8
Cook 1 placing order 7 in the oven
Cook 1 completed order 7
Cook 4 placing order 5 in the oven
Cook 2 placing order 6 in the oven
Cook 4 completed order 5
Cook 2 completed order 6
Delivery person 3 delivering orders
Delivery person 0 delivering orders
Order 0 delivered by delivery person 2
Order 3 delivered by delivery person 4
Order 1 delivered by delivery person 2
Order 4 delivered by delivery person 4
Order 6 delivered by delivery person 3
Order 7 delivered by delivery person 3
Order 2 delivered by delivery person 2
Order 9 delivered by delivery person 0
Order 8 delivered by delivery person 3
Order 5 delivered by delivery person 0
10 new customers served by client PID: 1492
Server shutting down...PideShop active waiting for connection...Server shutting down...PideShop active waiting for connection...Cook 0 preparing order 0
Cook 1 preparing order 1
Cook 3 preparing order 2
Cook 4 preparing order 3
Cook 2 preparing order 4
Cook 0 placing order 0 in the oven
Cook 0 completed order 0
Cook 0 preparing order 12
Cook 1 placing order 1 in the oven
Cook 1 completed order 1
Cook 3 placing order 2 in the oven
Cook 1 preparing order 11
Cook 4 placing order 3 in the oven
Cook 3 completed order 2
Cook 2 placing order 4 in the oven
Cook 2 completed order 4
Cook 3 preparing order 10
Cook 4 completed order 3
Cook 4 preparing order 8
Cook 2 preparing order 9
Delivery person 3 delivering orders
Delivery person 2 delivering orders
Order 0 delivered by delivery person 2
Cook 0 placing order 12 in the oven
Cook 0 completed order 12
Cook 1 placing order 11 in the oven
Cook 0 preparing order 7
Cook 1 completed order 11
Cook 1 preparing order 6
Cook 3 placing order 10 in the oven
Cook 2 placing order 9 in the oven
Cook 3 completed order 10
Cook 2 completed order 9
Cook 3 preparing order 5
Cook 4 placing order 8 in the oven
Cook 4 completed order 8
Delivery person 4 delivering orders
Delivery person 0 delivering orders
Cook 0 placing order 7 in the oven
Cook 0 completed order 7
Cook 1 placing order 6 in the oven
Cook 3 placing order 5 in the oven
Cook 1 completed order 6
Cook 3 completed order 5
Delivery person 1 delivering orders
Order 3 delivered by delivery person 3
Order 10 delivered by delivery person 4
Order 6 delivered by delivery person 1
Order 1 delivered by delivery person 2
Order 12 delivered by delivery person 0
Order 11 delivered by delivery person 4
Order 4 delivered by delivery person 3
Order 7 delivered by delivery person 1
Order 2 delivered by delivery person 2
Order 5 delivered by delivery person 1
Order 8 delivered by delivery person 0
Order 9 delivered by delivery person 0
13 new customers served by client PID: 1573
Server shutting down...PideShop active waiting for connection...Server shutting down...PideShop active waiting for connection...Cook 0 preparing order 0
Cook 1 preparing order 1
Cook 3 preparing order 2
Cook 2 preparing order 3
Cook 4 preparing order 5
Cook 0 placing order 0 in the oven
Cook 0 completed order 0
Cook 1 placing order 1 in the oven
Cook 1 completed order 1
Cook 0 preparing order 12
Cook 3 placing order 2 in the oven
Cook 1 preparing order 11
Cook 2 placing order 3 in the oven
Cook 3 completed order 2
Cook 2 completed order 3
Cook 2 preparing order 9
Cook 3 preparing order 10
Cook 4 placing order 5 in the oven
Cook 4 completed order 5
Cook 4 preparing order 8
Delivery person 0 delivering orders
Delivery person 1 delivering orders
Cook 0 placing order 12 in the oven
Cook 0 completed order 12
Cook 1 placing order 11 in the oven
Cook 3 placing order 10 in the oven
Cook 2 placing order 9 in the oven
Cook 0 preparing order 7
Cook 3 completed order 10
Cook 2 completed order 9
Cook 1 completed order 11
Cook 3 preparing order 6
Cook 4 placing order 8 in the oven
Cook 2 preparing order 4
Cook 4 completed order 8
Delivery person 4 delivering orders
Delivery person 2 delivering orders
Order 12 delivered by delivery person 2
Cook 0 placing order 7 in the oven
Cook 2 placing order 4 in the oven
Cook 3 placing order 6 in the oven
Cook 0 completed order 7
Cook 2 completed order 4
Cook 3 completed order 6
Delivery person 3 delivering orders
Order 0 delivered by delivery person 1
Order 10 delivered by delivery person 4
Order 3 delivered by delivery person 0
Order 8 delivered by delivery person 2
Order 1 delivered by delivery person 1
Order 9 delivered by delivery person 2
Order 6 delivered by delivery person 3
Order 11 delivered by delivery person 4
Order 5 delivered by delivery person 0
Order 2 delivered by delivery person 1
Order 7 delivered by delivery person 3
Server shutting down...PideShop active waiting for connection...Cook 1 preparing order 1
Cook 0 preparing order 0
Cook 2 preparing order 2
Cook 3 preparing order 3
Cook 0 placing order 0 in the oven
Cook 0 completed order 0
Cook 0 preparing order 9
Cook 1 placing order 1 in the oven
Cook 1 completed order 1
Cook 2 placing order 2 in the oven
Cook 1 preparing order 8
Cook 2 completed order 2
Cook 3 placing order 3 in the oven
Cook 2 preparing order 7
Cook 3 completed order 3
Cook 3 preparing order 6
Delivery person 0 delivering orders
Delivery person 4 delivering orders
Cook 0 placing order 9 in the oven
Cook 0 completed order 9
Cook 2 placing order 7 in the oven
Cook 0 preparing order 5
Cook 1 placing order 8 in the oven
Cook 1 completed order 8
Cook 3 placing order 6 in the oven
Cook 2 completed order 7
Cook 1 preparing order 4
Cook 3 completed order 6
Delivery person 3 delivering orders
Delivery person 2 delivering orders
Cook 0 placing order 5 in the oven
Cook 0 completed order 5
Cook 1 placing order 4 in the oven
Cook 1 completed order 4
Delivery person 1 delivering orders
Order 3 delivered by delivery person 4
Order 6 delivered by delivery person 2
Order 0 delivered by delivery person 0
Order 9 delivered by delivery person 3
Order 4 delivered by delivery person 1
Order 7 delivered by delivery person 2
Order 1 delivered by delivery person 0
Order 8 delivered by delivery person 2
Order 5 delivered by delivery person 1
Order 2 delivered by delivery person 0
10 new customers served by client PID: 1637
Cook 2 preparing order 0
Cook 3 preparing order 1
Cook 0 preparing order 2
Cook 1 preparing order 3
Cook 2 placing order 0 in the oven
Cook 2 completed order 0
Cook 3 placing order 1 in the oven
Cook 2 preparing order 10
Cook 3 completed order 1
Cook 0 placing order 2 in the oven
Cook 3 preparing order 9
Cook 0 completed order 2
Cook 0 preparing order 8
Cook 1 placing order 3 in the oven
Cook 1 completed order 3
Cook 1 preparing order 7
Delivery person 0 delivering orders
Delivery person 3 delivering orders
Cook 2 placing order 10 in the oven
Cook 2 completed order 10
Cook 3 placing order 9 in the oven
Cook 3 completed order 9
Cook 2 preparing order 6
Cook 3 preparing order 5
Cook 1 placing order 7 in the oven
Cook 0 placing order 8 in the oven
Cook 1 completed order 7
Cook 0 completed order 8
Cook 1 preparing order 4
Order 0 delivered by delivery person 0
Delivery person 1 delivering orders
Delivery person 2 delivering orders
Cook 2 placing order 6 in the oven
Cook 3 placing order 5 in the oven
Cook 3 completed order 5
Cook 2 completed order 6
Cook 1 placing order 4 in the oven
Cook 1 completed order 4
Delivery person 5 delivering orders
Order 6 delivered by delivery person 5
Order 1 delivered by delivery person 0
Order 7 delivered by delivery person 1
Order 3 delivered by delivery person 3
Order 10 delivered by delivery person 2
Order 4 delivered by delivery person 5
Order 5 delivered by delivery person 5
Order 2 delivered by delivery person 0
Order 8 delivered by delivery person 1
Order 9 delivered by delivery person 1
11 new customers served by client PID: 1639
Server shutting down...PideShop active waiting for connection...Cook 2 preparing order 0
Cook 0 preparing order 1
Cook 1 preparing order 2
Cook 3 preparing order 3
Cook 2 placing order 0 in the oven
Cook 0 placing order 1 in the oven
Cook 1 placing order 2 in the oven
Cook 2 completed order 0
Cook 0 completed order 1
Cook 1 completed order 2
Cook 2 preparing order 10
Cook 3 placing order 3 in the oven
Cook 0 preparing order 9
Cook 3 completed order 3
Cook 3 preparing order 7
Cook 1 preparing order 8
Delivery person 1 delivering orders
Delivery person 5 delivering orders
Cook 2 placing order 10 in the oven
Cook 0 placing order 9 in the oven
Cook 2 completed order 10
Cook 2 preparing order 6
Cook 0 completed order 9
Cook 3 placing order 7 in the oven
Cook 1 placing order 8 in the oven
Cook 0 preparing order 5
Cook 3 completed order 7
Cook 1 completed order 8
Cook 3 preparing order 4
Delivery person 3 delivering orders
Delivery person 0 delivering orders
Cook 2 placing order 6 in the oven
Cook 0 placing order 5 in the oven
Cook 2 completed order 6
Cook 3 placing order 4 in the oven
Cook 0 completed order 5
Cook 3 completed order 4
Delivery person 2 delivering orders
Order 7 delivered by delivery person 0
Order 8 delivered by delivery person 0
Order 3 delivered by delivery person 1
Order 6 delivered by delivery person 2
Order 0 delivered by delivery person 5
Order 10 delivered by delivery person 3
Order 1 delivered by delivery person 5
Order 2 delivered by delivery person 5
Order 9 delivered by delivery person 0
Order 4 delivered by delivery person 2
Order 5 delivered by delivery person 2
11 new customers served by client PID: 1664
Server shutting down...PideShop active waiting for connection...Cook 2 preparing order 0
Cook 0 preparing order 1
Cook 3 preparing order 2
Cook 1 preparing order 3
Cook 2 placing order 0 in the oven
Cook 2 completed order 0
Cook 0 placing order 1 in the oven
Cook 3 placing order 2 in the oven
Cook 0 completed order 1
Cook 2 preparing order 13
Cook 1 placing order 3 in the oven
Cook 3 completed order 2
Cook 0 preparing order 12
Cook 1 completed order 3
Cook 3 preparing order 11
Cook 1 preparing order 10
Delivery person 5 delivering orders
Delivery person 3 delivering orders
Cook 2 placing order 13 in the oven
Cook 2 completed order 13
Cook 3 placing order 11 in the oven
Cook 0 placing order 12 in the oven
Cook 2 preparing order 9
Cook 0 completed order 12
Cook 3 completed order 11
Cook 1 placing order 10 in the oven
Cook 0 preparing order 8
Cook 3 preparing order 7
Cook 1 completed order 10
Cook 1 preparing order 6
Delivery person 2 delivering orders
Delivery person 1 delivering orders
Cook 2 placing order 9 in the oven
Cook 2 completed order 9
Cook 0 placing order 8 in the oven
Cook 3 placing order 7 in the oven
Cook 2 preparing order 5
Cook 1 placing order 6 in the oven
Cook 1 completed order 6
Cook 0 completed order 8
Cook 3 completed order 7
Cook 1 preparing order 4
Delivery person 0 delivering orders
Delivery person 4 delivering orders
Order 0 delivered by delivery person 5
Order 3 delivered by delivery person 3
Order 6 delivered by delivery person 4
Order 9 delivered by delivery person 0
Cook 2 placing order 5 in the oven
Cook 1 placing order 4 in the oven
Cook 2 completed order 5
Cook 1 completed order 4
Order 11 delivered by delivery person 1
Delivery person 3 delivering orders
Order 1 delivered by delivery person 5
Order 12 delivered by delivery person 2
Order 7 delivered by delivery person 4
Order 4 delivered by delivery person 3
Order 13 delivered by delivery person 2
Order 5 delivered by delivery person 3
Order 2 delivered by delivery person 5
Order 8 delivered by delivery person 4
Order 10 delivered by delivery person 2
40 new customers served by client PID: 1690
Server shutting down...PideShop active waiting for connection...Cook 1 preparing order 0
Cook 0 preparing order 1
Cook 2 preparing order 2
Cook 3 preparing order 3
Cook 1 placing order 0 in the oven
Cook 1 completed order 0
Cook 0 placing order 1 in the oven
Cook 2 placing order 2 in the oven
Cook 1 preparing order 9
Cook 0 completed order 1
Cook 2 completed order 2
Cook 3 placing order 3 in the oven
Cook 2 preparing order 7
Cook 0 preparing order 8
Cook 3 completed order 3
Cook 3 preparing order 6
Delivery person 0 delivering orders
Delivery person 1 delivering orders
Cook 1 placing order 9 in the oven
Cook 2 placing order 7 in the oven
Cook 1 completed order 9
Cook 2 completed order 7
Cook 0 placing order 8 in the oven
Cook 3 placing order 6 in the oven
Cook 2 preparing order 4
Cook 1 preparing order 5
Cook 0 completed order 8
Cook 3 completed order 6
Delivery person 4 delivering orders
Delivery person 5 delivering orders
Cook 2 placing order 4 in the oven
Cook 1 placing order 5 in the oven
Cook 1 completed order 5
Cook 2 completed order 4
Delivery person 2 delivering orders
Order 4 delivered by delivery person 2
Order 0 delivered by delivery person 1
Order 6 delivered by delivery person 4
Order 3 delivered by delivery person 0
Order 9 delivered by delivery person 5
Order 1 delivered by delivery person 1
Order 5 delivered by delivery person 2
Order 7 delivered by delivery person 4
Order 2 delivered by delivery person 1
Order 8 delivered by delivery person 4
10 new customers served by client PID: 1703
Cook 0 preparing order 0
Cook 3 preparing order 1
Cook 1 preparing order 2
Cook 2 preparing order 3
Cook 0 placing order 0 in the oven
Cook 0 completed order 0
Cook 3 placing order 1 in the oven
Cook 1 placing order 2 in the oven
Cook 0 preparing order 10
Cook 2 placing order 3 in the oven
Cook 1 completed order 2
Cook 3 completed order 1
Cook 2 completed order 3
Cook 3 preparing order 8
Cook 1 preparing order 9
Cook 2 preparing order 7
Delivery person 4 delivering orders
Delivery person 0 delivering orders
Cook 0 placing order 10 in the oven
Cook 0 completed order 10
Cook 3 placing order 8 in the oven
Cook 2 placing order 7 in the oven
Cook 0 preparing order 6
Cook 1 placing order 9 in the oven
Cook 2 completed order 7
Cook 1 completed order 9
Cook 3 completed order 8
Cook 2 preparing order 5
Cook 1 preparing order 4
Delivery person 1 delivering orders
Delivery person 3 delivering orders
Cook 1 placing order 4 in the oven
Cook 0 placing order 6 in the oven
Cook 2 placing order 5 in the oven
Cook 1 completed order 4
Cook 2 completed order 5
Cook 0 completed order 6
Delivery person 5 delivering orders
Order 3 delivered by delivery person 0
Order 10 delivered by delivery person 3
Order 7 delivered by delivery person 1
Order 0 delivered by delivery person 4
Order 6 delivered by delivery person 5
Order 1 delivered by delivery person 4
Order 8 delivered by delivery person 1
Order 4 delivered by delivery person 5
Order 2 delivered by delivery person 4
Order 9 delivered by delivery person 1
Order 5 delivered by delivery person 5
11 new customers served by client PID: 1705
Server shutting down...PideShop active waiting for connection...Cook 1 preparing order 0
Cook 2 preparing order 1
Cook 0 preparing order 2
Cook 3 preparing order 3
Cook 1 placing order 0 in the oven
Cook 0 placing order 2 in the oven
Cook 2 placing order 1 in the oven
Cook 1 completed order 0
Cook 2 completed order 1
Cook 0 completed order 2
Cook 1 preparing order 9
Cook 3 placing order 3 in the oven
Cook 2 preparing order 8
Cook 0 preparing order 7
Cook 3 completed order 3
Cook 3 preparing order 6
Delivery person 3 delivering orders
Delivery person 5 delivering orders
Order 3 delivered by delivery person 5
Order 0 delivered by delivery person 3
Cook 2 placing order 8 in the oven
Cook 1 placing order 9 in the oven
Cook 0 placing order 7 in the oven
Cook 2 completed order 8
Cook 1 completed order 9
Cook 2 preparing order 5
Cook 0 completed order 7
Cook 3 placing order 6 in the oven
Cook 3 completed order 6
Cook 1 preparing order 4
Delivery person 2 delivering orders
Delivery person 0 delivering orders
Order 6 delivered by delivery person 0
Cook 2 placing order 5 in the oven
Cook 1 placing order 4 in the oven
Cook 1 completed order 4
Cook 2 completed order 5
Delivery person 4 delivering orders
Order 7 delivered by delivery person 0
Order 1 delivered by delivery person 3
Order 9 delivered by delivery person 2
Order 8 delivered by delivery person 0
Order 4 delivered by delivery person 4
Order 2 delivered by delivery person 3
Order 5 delivered by delivery person 4
10 new customers served by client PID: 1833
Cook 0 preparing order 0
Cook 3 preparing order 1
Cook 1 preparing order 2
Cook 2 preparing order 3
Cook 0 placing order 0 in the oven
Cook 3 placing order 1 in the oven
Cook 2 placing order 3 in the oven
Cook 0 completed order 0
Cook 0 preparing order 11
Cook 2 completed order 3
Cook 3 completed order 1
Cook 3 preparing order 9
Cook 1 placing order 2 in the oven
Cook 2 preparing order 10
Cook 1 completed order 2
Cook 1 preparing order 8
Delivery person 1 delivering orders
Delivery person 2 delivering orders
Cook 2 placing order 10 in the oven
Cook 1 placing order 8 in the oven
Cook 0 placing order 11 in the oven
Cook 2 completed order 10
Cook 2 preparing order 7
Cook 0 completed order 11
Cook 1 completed order 8
Cook 3 placing order 9 in the oven
Cook 1 preparing order 6
Cook 3 completed order 9
Cook 0 preparing order 5
Cook 3 preparing order 4
Delivery person 3 delivering orders
Delivery person 5 delivering orders
Cook 0 placing order 5 in the oven
Cook 2 placing order 7 in the oven
Cook 1 placing order 6 in the oven
Cook 0 completed order 5
Cook 1 completed order 6
Cook 2 completed order 7
Cook 3 placing order 4 in the oven
Cook 3 completed order 4
Delivery person 0 delivering orders
Delivery person 4 delivering orders
Order 0 delivered by delivery person 1
Order 8 delivered by delivery person 5
Order 3 delivered by delivery person 2
Order 11 delivered by delivery person 3
Order 1 delivered by delivery person 1
Order 5 delivered by delivery person 0
Order 6 delivered by delivery person 4
Order 9 delivered by delivery person 5
Order 2 delivered by delivery person 1
Order 7 delivered by delivery person 4
Order 10 delivered by delivery person 5
Order 4 delivered by delivery person 4
12 new customers served by client PID: 1835
Server shutting down...